#
# There is insufficient memory for the Java Runtime Environment to continue.
# Native memory allocation (mmap) failed to map 268435456 bytes for G1 virtual space
# Possible reasons:
#   The system is out of physical RAM or swap space
#   The process is running with CompressedOops enabled, and the Java Heap may be blocking the growth of the native heap
# Possible solutions:
#   Reduce memory load on the system
#   Increase physical memory or swap space
#   Check if swap backing store is full
#   Decrease Java heap size (-Xmx/-Xms)
#   Decrease number of Java threads
#   Decrease Java thread stack sizes (-Xss)
#   Set larger code cache with -XX:ReservedCodeCacheSize=
#   JVM is running with Zero Based Compressed Oops mode in which the Java heap is
#     placed in the first 32GB address space. The Java Heap base address is the
#     maximum limit for the native heap growth. Please use -XX:HeapBaseMinAddress
#     to set the Java Heap base and to place the Java Heap above 32GB virtual address.
# This output file may be truncated or incomplete.
#
#  Out of Memory Error (os_windows.cpp:3760), pid=28568, tid=17436
#
# JRE version:  (17.0.5+1) (build )
# Java VM: OpenJDK 64-Bit Server VM (17.0.5+1-b653.25, mixed mode, sharing, tiered, compressed oops, compressed class ptrs, g1 gc, windows-amd64)
# No core dump will be written. Minidumps are not enabled by default on client versions of Windows
#

---------------  S U M M A R Y ------------

Command Line: git4idea.http.GitAskPassApp Username for 'https://github.com': 

Host: AMD Ryzen 5 3600 6-Core Processor              , 12 cores, 15G,  Windows 11 , 64 bit Build 22621 (10.0.22621.1635)
Time: Sat Jul  1 22:31:21 2023 RTZ 9 (s 11 , 64 bit Build 22621 (10.0.22621.1635) elapsed time: 0.015703 seconds (0d 0h 0m 0s)

---------------  T H R E A D  ---------------

Current thread (0x000001ef832bbe20):  JavaThread "Unknown thread" [_thread_in_vm, id=17436, stack(0x0000008a67600000,0x0000008a67700000)]

Stack: [0x0000008a67600000,0x0000008a67700000]
Native frames: (J=compiled Java code, j=interpreted, Vv=VM code, C=native code)
V  [jvm.dll+0x6830ca]
V  [jvm.dll+0x83f4c4]
V  [jvm.dll+0x840c6e]
V  [jvm.dll+0x8412d3]
V  [jvm.dll+0x2490b5]
V  [jvm.dll+0x67ff99]
V  [jvm.dll+0x6744aa]
V  [jvm.dll+0x308f2b]
V  [jvm.dll+0x3103e6]
V  [jvm.dll+0x36013e]
V  [jvm.dll+0x36036f]
V  [jvm.dll+0x2df018]
V  [jvm.dll+0x2dff84]
V  [jvm.dll+0x810d91]
V  [jvm.dll+0x36df31]
V  [jvm.dll+0x7f028c]
V  [jvm.dll+0x3f0cbf]
V  [jvm.dll+0x3f2801]
C  [jli.dll+0x526b]
C  [ucrtbase.dll+0x29363]
C  [KERNEL32.DLL+0x126ad]
C  [ntdll.dll+0x5a9f8]


---------------  P R O C E S S  ---------------

Threads class SMR info:
_java_thread_list=0x00007ff9460c8f98, length=0, elements={
}

Java Threads: ( => current thread )

Other Threads:
  0x000001ef83328350 GCTaskThread "GC Thread#0" [stack: 0x0000008a67700000,0x0000008a67800000] [id=24168]
  0x000001ef833392f0 ConcurrentGCThread "G1 Main Marker" [stack: 0x0000008a67800000,0x0000008a67900000] [id=7648]
  0x000001ef8333a4a0 ConcurrentGCThread "G1 Conc#0" [stack: 0x0000008a67900000,0x0000008a67a00000] [id=38920]

[error occurred during error reporting (printing all threads), id 0xc0000005, EXCEPTION_ACCESS_VIOLATION (0xc0000005) at pc=0x00007ff94587fbd7]

VM state: not at safepoint (not fully initialized)

VM Mutex/Monitor currently owned by a thread:  ([mutex/lock_event])
[0x000001ef832b8250] Heap_lock - owner thread: 0x000001ef832bbe20

Heap address: 0x0000000701000000, size: 4080 MB, Compressed Oops mode: Zero based, Oop shift amount: 3

CDS archive(s) mapped at: [0x0000000000000000-0x0000000000000000-0x0000000000000000), size 0, SharedBaseAddress: 0x0000000800000000, ArchiveRelocationMode: 0.
Narrow klass base: 0x0000000000000000, Narrow klass shift: 0, Narrow klass range: 0x0

GC Precious Log:
<Empty>

Heap:
 garbage-first heap   total 0K, used 0K [0x0000000701000000, 0x0000000800000000)
  region size 2048K, 0 young (0K), 0 survivors (0K)

[error occurred during error reporting (printing heap information), id 0xc0000005, EXCEPTION_ACCESS_VIOLATION (0xc0000005) at pc=0x00007ff945c6cd59]

GC Heap History (0 events):
No events

Dll operation events (1 events):
Event: 0.006 Loaded shared library C:\Program Files\JetBrains\IntelliJ IDEA 2022.3.2\jbr\bin\java.dll

Deoptimization events (0 events):
No events

Classes unloaded (0 events):
No events

Classes redefined (0 events):
No events

Internal exceptions (0 events):
No events

VM Operations (0 events):
No events

Events (0 events):
No events


Dynamic libraries:
0x00007ff7fd730000 - 0x00007ff7fd73a000 	C:\Program Files\JetBrains\IntelliJ IDEA 2022.3.2\jbr\bin\java.exe
0x00007ff98e090000 - 0x00007ff98e2a4000 	C:\WINDOWS\SYSTEM32\ntdll.dll
0x00007ff98d2d0000 - 0x00007ff98d392000 	C:\WINDOWS\System32\KERNEL32.DLL
0x00007ff98b870000 - 0x00007ff98bc13000 	C:\WINDOWS\System32\KERNELBASE.dll
0x00007ff98bc20000 - 0x00007ff98bd31000 	C:\WINDOWS\System32\ucrtbase.dll
0x00007ff9746e0000 - 0x00007ff9746f7000 	C:\Program Files\JetBrains\IntelliJ IDEA 2022.3.2\jbr\bin\jli.dll
0x00007ff9743a0000 - 0x00007ff9743bb000 	C:\Program Files\JetBrains\IntelliJ IDEA 2022.3.2\jbr\bin\VCRUNTIME140.dll
0x00007ff98d810000 - 0x00007ff98d9bb000 	C:\WINDOWS\System32\USER32.dll
0x00007ff979810000 - 0x00007ff979a9e000 	C:\WINDOWS\WinSxS\amd64_microsoft.windows.common-controls_6595b64144ccf1df_6.0.22621.1635_none_270f70857386168e\COMCTL32.dll
0x00007ff98bd40000 - 0x00007ff98bd66000 	C:\WINDOWS\System32\win32u.dll
0x00007ff98d3a0000 - 0x00007ff98d447000 	C:\WINDOWS\System32\msvcrt.dll
0x00007ff98cc30000 - 0x00007ff98cc59000 	C:\WINDOWS\System32\GDI32.dll
0x00007ff98bd70000 - 0x00007ff98be88000 	C:\WINDOWS\System32\gdi32full.dll
0x00007ff98b530000 - 0x00007ff98b5ca000 	C:\WINDOWS\System32\msvcp_win.dll
0x00007ff98d0f0000 - 0x00007ff98d121000 	C:\WINDOWS\System32\IMM32.DLL
0x00007ff985ff0000 - 0x00007ff985ffc000 	C:\Program Files\JetBrains\IntelliJ IDEA 2022.3.2\jbr\bin\vcruntime140_1.dll
0x00007ff9639b0000 - 0x00007ff963a3d000 	C:\Program Files\JetBrains\IntelliJ IDEA 2022.3.2\jbr\bin\msvcp140.dll
0x00007ff945590000 - 0x00007ff9461fb000 	C:\Program Files\JetBrains\IntelliJ IDEA 2022.3.2\jbr\bin\server\jvm.dll
0x00007ff98dd60000 - 0x00007ff98de0e000 	C:\WINDOWS\System32\ADVAPI32.dll
0x00007ff98de10000 - 0x00007ff98deb4000 	C:\WINDOWS\System32\sechost.dll
0x00007ff98d450000 - 0x00007ff98d567000 	C:\WINDOWS\System32\RPCRT4.dll
0x00007ff97a820000 - 0x00007ff97a854000 	C:\WINDOWS\SYSTEM32\WINMM.dll
0x00007ff9862d0000 - 0x00007ff9862da000 	C:\WINDOWS\SYSTEM32\VERSION.dll
0x00007ff96fcf0000 - 0x00007ff96fcf9000 	C:\WINDOWS\SYSTEM32\WSOCK32.dll
0x00007ff98d250000 - 0x00007ff98d2c1000 	C:\WINDOWS\System32\WS2_32.dll
0x00007ff98a5b0000 - 0x00007ff98a5c8000 	C:\WINDOWS\SYSTEM32\kernel.appcore.dll
0x00007ff986080000 - 0x00007ff98608a000 	C:\Program Files\JetBrains\IntelliJ IDEA 2022.3.2\jbr\bin\jimage.dll
0x00007ff988d80000 - 0x00007ff988fae000 	C:\WINDOWS\SYSTEM32\DBGHELP.DLL
0x00007ff98c8a0000 - 0x00007ff98cc29000 	C:\WINDOWS\System32\combase.dll
0x00007ff98ded0000 - 0x00007ff98dfa7000 	C:\WINDOWS\System32\OLEAUT32.dll
0x00007ff985a90000 - 0x00007ff985ac2000 	C:\WINDOWS\SYSTEM32\dbgcore.DLL
0x00007ff98b4b0000 - 0x00007ff98b52b000 	C:\WINDOWS\System32\bcryptPrimitives.dll
0x00007ff985fc0000 - 0x00007ff985fe5000 	C:\Program Files\JetBrains\IntelliJ IDEA 2022.3.2\jbr\bin\java.dll

dbghelp: loaded successfully - version: 4.0.5 - missing functions: none
symbol engine: initialized successfully - sym options: 0x614 - pdb path: .;C:\Program Files\JetBrains\IntelliJ IDEA 2022.3.2\jbr\bin;C:\WINDOWS\SYSTEM32;C:\WINDOWS\WinSxS\amd64_microsoft.windows.common-controls_6595b64144ccf1df_6.0.22621.1635_none_270f70857386168e;C:\Program Files\JetBrains\IntelliJ IDEA 2022.3.2\jbr\bin\server

VM Arguments:
java_command: git4idea.http.GitAskPassApp Username for 'https://github.com': 
java_class_path (initial): C:/Program Files/JetBrains/IntelliJ IDEA 2022.3.2/plugins/vcs-git/lib/git4idea-rt.jar;C:/Program Files/JetBrains/IntelliJ IDEA 2022.3.2/lib/externalProcess-rt.jar;C:/Program Files/JetBrains/IntelliJ IDEA 2022.3.2/lib/app.jar;C:/Program Files/JetBrains/IntelliJ IDEA 2022.3.2/lib/3rd-party-rt.jar
Launcher Type: SUN_STANDARD

[Global flags]
     intx CICompilerCount                          = 4                                         {product} {ergonomic}
     uint ConcGCThreads                            = 3                                         {product} {ergonomic}
     uint G1ConcRefinementThreads                  = 10                                        {product} {ergonomic}
   size_t G1HeapRegionSize                         = 2097152                                   {product} {ergonomic}
    uintx GCDrainStackTargetSize                   = 64                                        {product} {ergonomic}
   size_t InitialHeapSize                          = 268435456                                 {product} {ergonomic}
   size_t MarkStackSize                            = 4194304                                   {product} {ergonomic}
   size_t MaxHeapSize                              = 4278190080                                {product} {ergonomic}
   size_t MinHeapDeltaBytes                        = 2097152                                   {product} {ergonomic}
   size_t MinHeapSize                              = 8388608                                   {product} {ergonomic}
    uintx NonNMethodCodeHeapSize                   = 5839372                                {pd product} {ergonomic}
    uintx NonProfiledCodeHeapSize                  = 122909434                              {pd product} {ergonomic}
    uintx ProfiledCodeHeapSize                     = 122909434                              {pd product} {ergonomic}
    uintx ReservedCodeCacheSize                    = 251658240                              {pd product} {ergonomic}
     bool SegmentedCodeCache                       = true                                      {product} {ergonomic}
   size_t SoftMaxHeapSize                          = 4278190080                             {manageable} {ergonomic}
     bool UseCompressedClassPointers               = true                           {product lp64_product} {ergonomic}
     bool UseCompressedOops                        = true                           {product lp64_product} {ergonomic}
     bool UseG1GC                                  = true                                      {product} {ergonomic}
     bool UseLargePagesIndividualAllocation        = false                                  {pd product} {ergonomic}

Logging:
Log output configuration:
 #0: stdout all=warning uptime,level,tags
 #1: stderr all=off uptime,level,tags

Environment Variables:
JAVA_HOME=C:\Program Files\Java\jdk-19
PATH=C:\Program Files\Git\mingw64\libexec\git-core;C:\Program Files\Git\mingw64\libexec\git-core;C:\Program Files\Git\mingw64\bin;C:\Program Files\Git\usr\bin;C:\Users\kim_r\bin;C:\Program Files\Common Files\Oracle\Java\javapath;C:\WINDOWS\system32;C:\WINDOWS;C:\WINDOWS\System32\Wbem;C:\WINDOWS\System32\WindowsPowerShell\v1.0;C:\WINDOWS\System32\OpenSSH;C:\Program Files\Git\cmd;C:\Program Files\Microsoft SQL Server\150\Tools\Binn;C:\Program Files\nodejs;C:\Program Files\NVIDIA Corporation\NVIDIA NvDLISR;C:\Program Files (x86)\NVIDIA Corporation\PhysX\Common;C:\Program Files\Docker\Docker\resources\bin;C:\WINDOWS\system32;C:\WINDOWS;C:\WINDOWS\System32\Wbem;C:\WINDOWS\System32\WindowsPowerShell\v1.0;C:\WINDOWS\System32\OpenSSH;C:\Program Files\PostgreSQL\15\bin;C:\Program Files\PostgreSQL\15\lib;C:\Program Files\Java\jdk-19;C:\Program Files\apache-maven-3.9.2\bin;C:\Program Files\PuTTY;C:\Program Files\Cloudflare\Cloudflare WARP;C:\Users\kim_r\AppData\Local\Programs\Python\Python311\Scripts;C:\Users\kim_r\AppData\Local\Programs\Python\Python311;C:\Program Files\MySQL\MySQL Shell 8.0\bin;C:\Users\kim_r\AppData\Local\Programs\Python\Python310\Scripts;C:\Users\kim_r\AppData\Local\Programs\Python\Python310;C:\Users\kim_r\AppData\Local\Microsoft\WindowsApps;C:\Program Files\JetBrains\WebStorm 2022.1\bin;C:\Users\kim_r\AppData\Local\GitHubDesktop\bin;C:\Users\kim_r\AppData\Local\Programs\Microsoft VS Code\bin;C:\Users\kim_r\AppData\Roaming\npm;C:\Program Files\JetBrains\IntelliJ IDEA 2022.3.2\bin;C:\Program Files\PostgreSQL\15\bin;C:\Program Files\PostgreSQL\15\lib
USERNAME=kim_r
DISPLAY=:0.0
LC_ALL=en_US.UTF-8
TERM=cygwin
TMPDIR=C:\Users\kim_r\AppData\Local\Temp
OS=Windows_NT
PROCESSOR_IDENTIFIER=AMD64 Family 23 Model 113 Stepping 0, AuthenticAMD
TMP=C:\Users\kim_r\AppData\Local\Temp
TEMP=C:\Users\kim_r\AppData\Local\Temp



---------------  S Y S T E M  ---------------

OS:
 Windows 11 , 64 bit Build 22621 (10.0.22621.1635)
OS uptime: 13 days 9:57 hours
Hyper-V role detected

CPU: total 12 (initial active 12) (12 cores per cpu, 2 threads per core) family 23 model 113 stepping 0 microcode 0x0, cx8, cmov, fxsr, ht, mmx, 3dnowpref, sse, sse2, sse3, ssse3, sse4a, sse4.1, sse4.2, popcnt, lzcnt, tsc, tscinvbit, avx, avx2, aes, clmul, bmi1, bmi2, adx, sha, fma, vzeroupper, clflush, clflushopt, hv

Memory: 4k page, system-wide physical 16315M (2271M free)
TotalPageFile size 44734M (AvailPageFile size 202M)
current process WorkingSet (physical memory assigned to process): 11M, peak: 11M
current process commit charge ("private bytes"): 64M, peak: 320M

vm_info: OpenJDK 64-Bit Server VM (17.0.5+1-b653.25) for windows-amd64 JRE (17.0.5+1-b653.25), built on 2023-01-04 by "builduser" with MS VC++ 16.10 / 16.11 (VS2019)

END.
